0 info it worked if it ends with ok
1 verbose cli [ '/usr/bin/node', '/usr/bin/npm', 'run', 'compile' ]
2 info using npm@3.10.10
3 info using node@v6.14.3
4 verbose run-script [ 'precompile', 'compile', 'postcompile' ]
5 info lifecycle rizalishan@1.0.0~precompile: rizalishan@1.0.0
6 silly lifecycle rizalishan@1.0.0~precompile: no script for precompile, continuing
7 info lifecycle rizalishan@1.0.0~compile: rizalishan@1.0.0
8 verbose lifecycle rizalishan@1.0.0~compile: unsafe-perm in lifecycle true
9 verbose lifecycle rizalishan@1.0.0~compile: PATH: /usr/lib/node_modules/npm/bin/node-gyp-bin:/var/www/html/node_modules/.bin:/usr/local/sbin:/usr/local/bin:/usr/sbin:/usr/bin:/sbin:/bin:/usr/games:/usr/local/games:/snap/bin
10 verbose lifecycle rizalishan@1.0.0~compile: CWD: /var/www/html
11 silly lifecycle rizalishan@1.0.0~compile: Args: [ '-c',
11 silly lifecycle   'NODE_ENV=production webpack --config ./build/webpack.client.config.js --progress' ]
12 info lifecycle rizalishan@1.0.0~compile: Failed to exec compile script
13 verbose stack Error: rizalishan@1.0.0 compile: `NODE_ENV=production webpack --config ./build/webpack.client.config.js --progress`
13 verbose stack spawn ENOENT
13 verbose stack     at ChildProcess.<anonymous> (/usr/lib/node_modules/npm/lib/utils/spawn.js:33:16)
13 verbose stack     at emitTwo (events.js:106:13)
13 verbose stack     at ChildProcess.emit (events.js:191:7)
13 verbose stack     at maybeClose (internal/child_process.js:920:16)
13 verbose stack     at Process.ChildProcess._handle.onexit (internal/child_process.js:230:5)
14 verbose pkgid rizalishan@1.0.0
15 verbose cwd /var/www/html
16 error Linux 4.4.0-116-generic
17 error argv "/usr/bin/node" "/usr/bin/npm" "run" "compile"
18 error node v6.14.3
19 error npm  v3.10.10
20 error file sh
21 error code ELIFECYCLE
22 error errno ENOENT
23 error syscall spawn
24 error rizalishan@1.0.0 compile: `NODE_ENV=production webpack --config ./build/webpack.client.config.js --progress`
24 error spawn ENOENT
25 error Failed at the rizalishan@1.0.0 compile script 'NODE_ENV=production webpack --config ./build/webpack.client.config.js --progress'.
25 error Make sure you have the latest version of node.js and npm installed.
25 error If you do, this is most likely a problem with the rizalishan package,
25 error not with npm itself.
25 error Tell the author that this fails on your system:
25 error     NODE_ENV=production webpack --config ./build/webpack.client.config.js --progress
25 error You can get information on how to open an issue for this project with:
25 error     npm bugs rizalishan
25 error Or if that isn't available, you can get their info via:
25 error     npm owner ls rizalishan
25 error There is likely additional logging output above.
26 verbose exit [ 1, true ]
